<?xml version="1.0" encoding="UTF-8"?>
<!-- Generated by org.testng.reporters.JUnitReportReporter -->
<testsuite hostname="TYSS-Rakesh-B" failures="0" tests="1" name="WorkingWithTestNg.WorkingWithParameter" time="7.056" errors="0" timestamp="2024-01-22T10:10:31 IST" skipped="0">
  <testcase classname="WorkingWithTestNg.WorkingWithParameter" name="testCase" time="7.056"/>
  <system-out/>
</testsuite> <!-- WorkingWithTestNg.WorkingWithParameter -->
